<?xml version="1.0" encoding="UTF-8"?>
<!-- Generated by org.testng.reporters.JUnitReportReporter -->
<testsuite hostname="RAJ" name="com.actitime.usertest.UserTest" tests="1" failures="0" timestamp="2 Nov 2015 19:22:54 GMT" time="24.663" errors="0">
  <testcase name="createUser" time="24.663" classname="com.actitime.usertest.UserTest"/>
</testsuite> <!-- com.actitime.usertest.UserTest -->
