<?xml version="1.0" encoding="UTF-8"?>
<!-- Generated by org.testng.reporters.JUnitReportReporter -->
<testsuite hostname="RAJ" name="com.actitime.projectandcustomer.LoginActitime" tests="1" failures="0" timestamp="2 Nov 2015 13:58:18 GMT" time="7.930" errors="0">
  <testcase name="login" time="7.930" classname="com.actitime.projectandcustomer.LoginActitime"/>
</testsuite> <!-- com.actitime.projectandcustomer.LoginActitime -->
