<?xml version="1.0" encoding="UTF-8"?>
<!-- Generated by org.testng.reporters.JUnitReportReporter -->
<testsuite hostname="RAJ" name="com.actitime.projectandcustomer.CreateUser" tests="1" failures="0" timestamp="3 Nov 2015 14:19:59 GMT" time="17.354" errors="0">
  <testcase name="creatUser" time="17.354" classname="com.actitime.projectandcustomer.CreateUser"/>
</testsuite> <!-- com.actitime.projectandcustomer.CreateUser -->
