<?xml version="1.0" encoding="UTF-8"?>
<!-- Generated by org.testng.reporters.JUnitReportReporter -->
<testsuite hostname="RAJ" name="batchexecution.User" tests="11" failures="0" timestamp="9 Nov 2015 18:14:03 GMT" time="0.000" errors="0">
  <testcase name="loginTest" time="0.000" classname="batchexecution.User"/>
  <testcase name="loginTest" time="0.000" classname="batchexecution.User"/>
  <testcase name="logoutTest" time="0.000" classname="batchexecution.User"/>
  <testcase name="loginTest" time="0.000" classname="batchexecution.User"/>
  <testcase name="loginTest" time="0.000" classname="batchexecution.User"/>
  <testcase name="loginTest" time="0.000" classname="batchexecution.User"/>
  <testcase name="loginTest" time="0.000" classname="batchexecution.User"/>
  <testcase name="loginTest" time="0.000" classname="batchexecution.User"/>
  <testcase name="loginTest" time="0.000" classname="batchexecution.User"/>
  <testcase name="loginTest" time="0.000" classname="batchexecution.User"/>
  <testcase name="loginTest" time="0.000" classname="batchexecution.User"/>
</testsuite> <!-- batchexecution.User -->
