<?xml version="1.0" encoding="UTF-8"?>
<!-- Generated by org.testng.reporters.JUnitReportReporter -->
<testsuite hostname="RAJ" name="batchexecution.ProjectAndCustomer" tests="1" failures="0" timestamp="9 Nov 2015 18:14:03 GMT" time="0.000" errors="0">
  <testcase name="createCustomerTest" time="0.000" classname="batchexecution.ProjectAndCustomer"/>
</testsuite> <!-- batchexecution.ProjectAndCustomer -->
