<?xml version="1.0" encoding="UTF-8"?>
<!-- Generated by org.testng.reporters.JUnitReportReporter -->
<testsuite hostname="RAJ" name="batchexecution.CreateUser" tests="1" failures="0" timestamp="29 Oct 2015 17:15:20 GMT" time="0.016" errors="0">
  <testcase name="createUserTest" time="0.016" classname="batchexecution.CreateUser"/>
</testsuite> <!-- batchexecution.CreateUser -->
