<?xml version="1.0" encoding="UTF-8"?>
<!-- Generated by org.testng.reporters.JUnitReportReporter -->
<testsuite hostname="RAJ" name="batchexecution.User" tests="11" failures="0" timestamp="29 Oct 2015 17:15:20 GMT" time="0.015" errors="0">
  <testcase name="loginTest" time="0.000" classname="batchexecution.User"/>
  <testcase name="loginTest" time="0.000" classname="batchexecution.User"/>
  <testcase name="loginTest" time="0.000" classname="batchexecution.User"/>
  <testcase name="loginTest" time="0.000" classname="batchexecution.User"/>
  <testcase name="loginTest" time="0.000" classname="batchexecution.User"/>
  <testcase name="loginTest" time="0.015" classname="batchexecution.User"/>
  <testcase name="loginTest" time="0.000" classname="batchexecution.User"/>
  <testcase name="loginTest" time="0.000" classname="batchexecution.User"/>
  <testcase name="logoutTest" time="0.000" classname="batchexecution.User"/>
  <testcase name="loginTest" time="0.000" classname="batchexecution.User"/>
  <testcase name="loginTest" time="0.000" classname="batchexecution.User"/>
</testsuite> <!-- batchexecution.User -->
