<?xml version="1.0" encoding="UTF-8"?>
<!-- Generated by org.testng.reporters.JUnitReportReporter -->
<testsuite hostname="RAJ" name="batchexecution.CreateUser" tests="1" failures="0" timestamp="9 Nov 2015 18:14:03 GMT" time="0.015" errors="0">
  <testcase name="createUserTest" time="0.015" classname="batchexecution.CreateUser"/>
</testsuite> <!-- batchexecution.CreateUser -->
