<?xml version="1.0" encoding="UTF-8"?>
<!-- Generated by org.testng.reporters.JUnitReportReporter -->
<testsuite hostname="RAJ" name="apachepoi.ReadExcelFile" tests="1" failures="0" timestamp="2 Nov 2015 12:38:15 GMT" time="19.124" errors="0">
  <testcase name="loginTest" time="19.124" classname="apachepoi.ReadExcelFile"/>
</testsuite> <!-- apachepoi.ReadExcelFile -->
